<?xml version="1.0" encoding="UTF-8" ?>
<testsuite errors="0" failures="0" hostname="xs" name="formatadores.FmtRemoveCaracExcedentesTest" tests="5" time="0.125" timestamp="2010-11-21T15:28:11">
  <properties>
[...]
</properties>
  <testcase classname="formatadores.FmtRemoveCaracExcedentesTest" name="testRemoveZeros" time="0.015" />
  <testcase classname="formatadores.FmtRemoveCaracExcedentesTest" name="testRemoveEspacos" time="0.0" />
  <testcase classname="formatadores.FmtRemoveCaracExcedentesTest" name="testRemoveExcessoNasPontas" time="0.0" />
  <testcase classname="formatadores.FmtRemoveCaracExcedentesTest" name="testMantemIntacto" time="0.0" />
  <testcase classname="formatadores.FmtRemoveCaracExcedentesTest" name="testReferenciaNula" time="0.0" />
  <system-out><![CDATA[]]></system-out>
  <system-err><![CDATA[]]></system-err>
</testsuite>
